<?xml version="1.0" encoding="UTF-8"?>
<!-- Generated by org.testng.reporters.JUnitReportReporter -->
<testsuite hostname="STEALTH" failures="0" tests="1" name="zs.qeb.ty.test1.Practice" time="5.784" errors="0" timestamp="2021-06-11T13:08:34 IST" skipped="0">
  <testcase classname="zs.qeb.ty.test1.Practice" name="getstatus" time="5.784"/>
  <system-out/>
</testsuite> <!-- zs.qeb.ty.test1.Practice -->
