<?xml version="1.0" encoding="UTF-8"?>
<!-- Generated by org.testng.reporters.JUnitReportReporter -->
<testsuite hostname="STEALTH" failures="0" tests="1" name="zs.qeb.ty.test1.GetRequestSuccess3" time="8.503" errors="0" timestamp="2021-06-11T13:48:58 IST" skipped="0">
  <testcase classname="zs.qeb.ty.test1.GetRequestSuccess3" name="getRequestSuccess" time="8.503"/>
  <system-out/>
</testsuite> <!-- zs.qeb.ty.test1.GetRequestSuccess3 -->
