<?xml version="1.0" encoding="UTF-8"?>
<!-- Generated by org.testng.reporters.JUnitReportReporter -->
<testsuite hostname="STEALTH" failures="0" tests="1" name="zs.qeb.ty.test1.GetRequestSuccess2" time="8.753" errors="0" timestamp="2021-06-11T12:56:56 IST" skipped="0">
  <testcase classname="zs.qeb.ty.test1.GetRequestSuccess2" name="getRequestSuccess" time="8.753"/>
  <system-out/>
</testsuite> <!-- zs.qeb.ty.test1.GetRequestSuccess2 -->
