<?xml version="1.0" encoding="UTF-8"?>
<!-- Generated by org.testng.reporters.JUnitReportReporter -->
<testsuite hostname="STEALTH" failures="0" tests="1" name="zs.qeb.ty.genericutils.PostURL" time="6.325" errors="0" timestamp="2021-06-10T19:30:27 IST" skipped="0">
  <testcase classname="zs.qeb.ty.genericutils.PostURL" name="postURLTest" time="6.325"/>
  <system-out/>
</testsuite> <!-- zs.qeb.ty.genericutils.PostURL -->
