<?xml version="1.0" encoding="UTF-8"?>
<!-- Generated by org.testng.reporters.JUnitReportReporter -->
<testsuite hostname="STEALTH" failures="0" tests="1" name="zs.qeb.ty.genericutils.PostRequest" time="5.917" errors="0" timestamp="2021-06-10T18:59:51 IST" skipped="0">
  <testcase classname="zs.qeb.ty.genericutils.PostRequest" name="postURLTest" time="5.917"/>
  <system-out/>
</testsuite> <!-- zs.qeb.ty.genericutils.PostRequest -->
