<?xml version="1.0" encoding="UTF-8"?>
<!-- Generated by org.testng.reporters.JUnitReportReporter -->
<testsuite hostname="STEALTH" failures="0" tests="1" name="zs.qeb.ty.test1.GetRequestFailure" time="5.035" errors="0" timestamp="2021-06-15T13:28:14 IST" skipped="0">
  <testcase classname="zs.qeb.ty.test1.GetRequestFailure" name="getRequestFailure" time="5.035"/>
  <system-out/>
</testsuite> <!-- zs.qeb.ty.test1.GetRequestFailure -->
