<?xml version="1.0" encoding="UTF-8"?>
<!-- Generated by org.testng.reporters.JUnitReportReporter -->
<testsuite hostname="STEALTH" failures="0" tests="1" name="zs.qeb.ty.genericutils.GetURL" time="6.035" errors="0" timestamp="2021-06-10T18:29:24 IST" skipped="0">
  <testcase classname="zs.qeb.ty.genericutils.GetURL" name="postURLTest" time="6.035"/>
  <system-out/>
</testsuite> <!-- zs.qeb.ty.genericutils.GetURL -->
