<?xml version="1.0" encoding="UTF-8"?>
<!-- Generated by org.testng.reporters.JUnitReportReporter -->
<testsuite hostname="STEALTH" failures="0" tests="1" name="zs.qeb.ty.test1.Demo" time="5.101" errors="0" timestamp="2021-06-11T09:07:52 IST" skipped="0">
  <testcase classname="zs.qeb.ty.test1.Demo" name="getstatus" time="5.101"/>
  <system-out/>
</testsuite> <!-- zs.qeb.ty.test1.Demo -->
