<?xml version="1.0" encoding="UTF-8"?>
<!-- Generated by org.testng.reporters.JUnitReportReporter -->
<testsuite hostname="STEALTH" failures="0" tests="1" name="zs.qeb.ty.test1.GetRequestTLE" time="5.856" errors="0" timestamp="2021-06-14T13:28:08 IST" skipped="0">
  <testcase classname="zs.qeb.ty.test1.GetRequestTLE" name="getRequestTimeLimitExceed" time="5.856"/>
  <system-out/>
</testsuite> <!-- zs.qeb.ty.test1.GetRequestTLE -->
