<?xml version="1.0" encoding="UTF-8"?>
<!-- Generated by org.testng.reporters.JUnitReportReporter -->
<testsuite hostname="STEALTH" failures="0" tests="1" name="zs.qeb.ty.test1.GetRequestSuccess" time="8.809" errors="0" timestamp="2021-06-15T13:27:54 IST" skipped="0">
  <testcase classname="zs.qeb.ty.test1.GetRequestSuccess" name="getRequestSuccess" time="8.809"/>
  <system-out/>
</testsuite> <!-- zs.qeb.ty.test1.GetRequestSuccess -->
